[     305ms] [LOG] [Auth] 初始化 - cookie __token: 不存在 @ https://scrm.scys.com/assets/preload-helper.91054061.js:1
[     306ms] [LOG] [Auth] 初始化 - userTokenCache: 无值 @ https://scrm.scys.com/assets/preload-helper.91054061.js:1
[     306ms] [LOG] [Auth] 初始化 - userInfoCache: 无值 @ https://scrm.scys.com/assets/preload-helper.91054061.js:1
[    1721ms] [ERROR] Access to XMLHttpRequest at 'https://open.feishu.cn/open-apis/authen/v1/index?app_id=cli_a1ada4aaa4b95013&redirect_uri=https%3A%2F%2Fscys.com%2Fdash%2Flark%3Fredirect%3DL2Rhc2gvY29uZmlnL2xhcmtEZXBhcnRtZW50SW5mbw%3D%3D&state=' (redirected from 'https://scys.com/dash/config/larkDepartmentInfo') from origin 'https://scrm.scys.com' has been blocked by CORS policy: No 'Access-Control-Allow-Origin' header is present on the requested resource. @ https://scrm.scys.com/login?redirect=/content-management/tools/form:0
[    1722ms] [ERROR] Failed to load resource: net::ERR_FAILED @ https://open.feishu.cn/open-apis/authen/v1/index?app_id=cli_a1ada4aaa4b95013&redirect_uri=https%3A%2F%2Fscys.com%2Fdash%2Flark%3Fredirect%3DL2Rhc2gvY29uZmlnL2xhcmtEZXBhcnRtZW50SW5mbw%3D%3D&state=:0
[  294335ms] [ERROR] Failed to load resource: the server responded with a status of 401 () @ https://scys.com/dash/subapp/userinfo:0
[  294362ms] [ERROR] Failed to load resource: the server responded with a status of 401 () @ https://scys.com/dash/subapp/userinfo:0
[  295268ms] [ERROR] Failed to load resource: the server responded with a status of 401 () @ https://scys.com/dash/subapp/userinfo:0
[  296260ms] [ERROR] Failed to load resource: the server responded with a status of 401 () @ https://scys.com/dash/subapp/userinfo:0
[  297261ms] [ERROR] Failed to load resource: the server responded with a status of 401 () @ https://scys.com/dash/subapp/userinfo:0
[  298269ms] [ERROR] Failed to load resource: the server responded with a status of 401 () @ https://scys.com/dash/subapp/userinfo:0
[  299280ms] [ERROR] Failed to load resource: the server responded with a status of 401 () @ https://scys.com/dash/subapp/userinfo:0
[  300843ms] [ERROR] Failed to load resource: the server responded with a status of 401 () @ https://scys.com/dash/subapp/userinfo:0
[  301471ms] [ERROR] Failed to load resource: the server responded with a status of 401 () @ https://scys.com/dash/subapp/userinfo:0
[  302382ms] [ERROR] Failed to load resource: the server responded with a status of 401 () @ https://scys.com/dash/subapp/userinfo:0
[  303346ms] [ERROR] Failed to load resource: the server responded with a status of 401 () @ https://scys.com/dash/subapp/userinfo:0
[  304950ms] [ERROR] Failed to load resource: the server responded with a status of 401 () @ https://scys.com/dash/subapp/userinfo:0
[  305386ms] [ERROR] Failed to load resource: the server responded with a status of 401 () @ https://scys.com/dash/subapp/userinfo:0
[  306345ms] [ERROR] Failed to load resource: the server responded with a status of 401 () @ https://scys.com/dash/subapp/userinfo:0
[  307269ms] [ERROR] Failed to load resource: the server responded with a status of 401 () @ https://scys.com/dash/subapp/userinfo:0
[  308269ms] [ERROR] Failed to load resource: the server responded with a status of 401 () @ https://scys.com/dash/subapp/userinfo:0
[  309262ms] [ERROR] Failed to load resource: the server responded with a status of 401 () @ https://scys.com/dash/subapp/userinfo:0
[  310260ms] [ERROR] Failed to load resource: the server responded with a status of 401 () @ https://scys.com/dash/subapp/userinfo:0
[  311264ms] [ERROR] Failed to load resource: the server responded with a status of 401 () @ https://scys.com/dash/subapp/userinfo:0
[  312264ms] [ERROR] Failed to load resource: the server responded with a status of 401 () @ https://scys.com/dash/subapp/userinfo:0
[  313265ms] [ERROR] Failed to load resource: the server responded with a status of 401 () @ https://scys.com/dash/subapp/userinfo:0
[  314264ms] [ERROR] Failed to load resource: the server responded with a status of 401 () @ https://scys.com/dash/subapp/userinfo:0
[  315260ms] [ERROR] Failed to load resource: the server responded with a status of 401 () @ https://scys.com/dash/subapp/userinfo:0
[  316262ms] [ERROR] Failed to load resource: the server responded with a status of 401 () @ https://scys.com/dash/subapp/userinfo:0
[  317263ms] [ERROR] Failed to load resource: the server responded with a status of 401 () @ https://scys.com/dash/subapp/userinfo:0
[  318346ms] [ERROR] Failed to load resource: the server responded with a status of 401 () @ https://scys.com/dash/subapp/userinfo:0
[  319260ms] [ERROR] Failed to load resource: the server responded with a status of 401 () @ https://scys.com/dash/subapp/userinfo:0
[  320264ms] [ERROR] Failed to load resource: the server responded with a status of 401 () @ https://scys.com/dash/subapp/userinfo:0
[  321261ms] [ERROR] Failed to load resource: the server responded with a status of 401 () @ https://scys.com/dash/subapp/userinfo:0
[  322263ms] [ERROR] Failed to load resource: the server responded with a status of 401 () @ https://scys.com/dash/subapp/userinfo:0
[  323515ms] [ERROR] Failed to load resource: the server responded with a status of 401 () @ https://scys.com/dash/subapp/userinfo:0
[  324575ms] [ERROR] Failed to load resource: the server responded with a status of 401 () @ https://scys.com/dash/subapp/userinfo:0
[  325365ms] [ERROR] Failed to load resource: the server responded with a status of 401 () @ https://scys.com/dash/subapp/userinfo:0
[  326269ms] [ERROR] Failed to load resource: the server responded with a status of 401 () @ https://scys.com/dash/subapp/userinfo:0
[  327404ms] [ERROR] Failed to load resource: the server responded with a status of 401 () @ https://scys.com/dash/subapp/userinfo:0
[  328265ms] [ERROR] Failed to load resource: the server responded with a status of 401 () @ https://scys.com/dash/subapp/userinfo:0
[  329260ms] [ERROR] Failed to load resource: the server responded with a status of 401 () @ https://scys.com/dash/subapp/userinfo:0
[  330267ms] [ERROR] Failed to load resource: the server responded with a status of 401 () @ https://scys.com/dash/subapp/userinfo:0
[  331279ms] [ERROR] Failed to load resource: the server responded with a status of 401 () @ https://scys.com/dash/subapp/userinfo:0
[  332261ms] [ERROR] Failed to load resource: the server responded with a status of 401 () @ https://scys.com/dash/subapp/userinfo:0
[  333262ms] [ERROR] Failed to load resource: the server responded with a status of 401 () @ https://scys.com/dash/subapp/userinfo:0
[  334266ms] [ERROR] Failed to load resource: the server responded with a status of 401 () @ https://scys.com/dash/subapp/userinfo:0
[  335260ms] [ERROR] Failed to load resource: the server responded with a status of 401 () @ https://scys.com/dash/subapp/userinfo:0
[  336264ms] [ERROR] Failed to load resource: the server responded with a status of 401 () @ https://scys.com/dash/subapp/userinfo:0
[  337262ms] [ERROR] Failed to load resource: the server responded with a status of 401 () @ https://scys.com/dash/subapp/userinfo:0
[  338267ms] [ERROR] Failed to load resource: the server responded with a status of 401 () @ https://scys.com/dash/subapp/userinfo:0
[  339265ms] [ERROR] Failed to load resource: the server responded with a status of 401 () @ https://scys.com/dash/subapp/userinfo:0
[  340280ms] [ERROR] Failed to load resource: the server responded with a status of 401 () @ https://scys.com/dash/subapp/userinfo:0
[  341273ms] [ERROR] Failed to load resource: the server responded with a status of 401 () @ https://scys.com/dash/subapp/userinfo:0
[  342261ms] [ERROR] Failed to load resource: the server responded with a status of 401 () @ https://scys.com/dash/subapp/userinfo:0
[  343262ms] [ERROR] Failed to load resource: the server responded with a status of 401 () @ https://scys.com/dash/subapp/userinfo:0
[  344260ms] [ERROR] Failed to load resource: the server responded with a status of 401 () @ https://scys.com/dash/subapp/userinfo:0
[  345265ms] [ERROR] Failed to load resource: the server responded with a status of 401 () @ https://scys.com/dash/subapp/userinfo:0
[  346262ms] [ERROR] Failed to load resource: the server responded with a status of 401 () @ https://scys.com/dash/subapp/userinfo:0
[  347262ms] [ERROR] Failed to load resource: the server responded with a status of 401 () @ https://scys.com/dash/subapp/userinfo:0
[  348262ms] [ERROR] Failed to load resource: the server responded with a status of 401 () @ https://scys.com/dash/subapp/userinfo:0
[  349265ms] [ERROR] Failed to load resource: the server responded with a status of 401 () @ https://scys.com/dash/subapp/userinfo:0
[  350264ms] [ERROR] Failed to load resource: the server responded with a status of 401 () @ https://scys.com/dash/subapp/userinfo:0
[  351264ms] [ERROR] Failed to load resource: the server responded with a status of 401 () @ https://scys.com/dash/subapp/userinfo:0
[  352265ms] [ERROR] Failed to load resource: the server responded with a status of 401 () @ https://scys.com/dash/subapp/userinfo:0
[  453431ms] [ERROR] Failed to load resource: the server responded with a status of 401 () @ https://scys.com/dash/subapp/userinfo:0
[  454422ms] [ERROR] Failed to load resource: the server responded with a status of 401 () @ https://scys.com/dash/subapp/userinfo:0
[  455600ms] [ERROR] Failed to load resource: the server responded with a status of 401 () @ https://scys.com/dash/subapp/userinfo:0
[  456420ms] [ERROR] Failed to load resource: the server responded with a status of 401 () @ https://scys.com/dash/subapp/userinfo:0
[  457422ms] [ERROR] Failed to load resource: the server responded with a status of 401 () @ https://scys.com/dash/subapp/userinfo:0
[  458426ms] [ERROR] Failed to load resource: the server responded with a status of 401 () @ https://scys.com/dash/subapp/userinfo:0
[  459421ms] [ERROR] Failed to load resource: the server responded with a status of 401 () @ https://scys.com/dash/subapp/userinfo:0
[  460425ms] [ERROR] Failed to load resource: the server responded with a status of 401 () @ https://scys.com/dash/subapp/userinfo:0
[  461427ms] [ERROR] Failed to load resource: the server responded with a status of 401 () @ https://scys.com/dash/subapp/userinfo:0
[  462421ms] [ERROR] Failed to load resource: the server responded with a status of 401 () @ https://scys.com/dash/subapp/userinfo:0
[  463428ms] [ERROR] Failed to load resource: the server responded with a status of 401 () @ https://scys.com/dash/subapp/userinfo:0
[  464421ms] [ERROR] Failed to load resource: the server responded with a status of 401 () @ https://scys.com/dash/subapp/userinfo:0
[  465430ms] [ERROR] Failed to load resource: the server responded with a status of 401 () @ https://scys.com/dash/subapp/userinfo:0
[  466429ms] [ERROR] Failed to load resource: the server responded with a status of 401 () @ https://scys.com/dash/subapp/userinfo:0
[  467422ms] [ERROR] Failed to load resource: the server responded with a status of 401 () @ https://scys.com/dash/subapp/userinfo:0
[  468426ms] [ERROR] Failed to load resource: the server responded with a status of 401 () @ https://scys.com/dash/subapp/userinfo:0
[  469422ms] [ERROR] Failed to load resource: the server responded with a status of 401 () @ https://scys.com/dash/subapp/userinfo:0
[  470421ms] [ERROR] Failed to load resource: the server responded with a status of 401 () @ https://scys.com/dash/subapp/userinfo:0
[  471423ms] [ERROR] Failed to load resource: the server responded with a status of 401 () @ https://scys.com/dash/subapp/userinfo:0
[  472426ms] [ERROR] Failed to load resource: the server responded with a status of 401 () @ https://scys.com/dash/subapp/userinfo:0
[  473429ms] [ERROR] Failed to load resource: the server responded with a status of 401 () @ https://scys.com/dash/subapp/userinfo:0
[  474428ms] [ERROR] Failed to load resource: the server responded with a status of 401 () @ https://scys.com/dash/subapp/userinfo:0
[  475421ms] [ERROR] Failed to load resource: the server responded with a status of 401 () @ https://scys.com/dash/subapp/userinfo:0
[  476421ms] [ERROR] Failed to load resource: the server responded with a status of 401 () @ https://scys.com/dash/subapp/userinfo:0
[  477420ms] [ERROR] Failed to load resource: the server responded with a status of 401 () @ https://scys.com/dash/subapp/userinfo:0
[  478421ms] [ERROR] Failed to load resource: the server responded with a status of 401 () @ https://scys.com/dash/subapp/userinfo:0
[  479421ms] [ERROR] Failed to load resource: the server responded with a status of 401 () @ https://scys.com/dash/subapp/userinfo:0
[  480442ms] [ERROR] Failed to load resource: the server responded with a status of 401 () @ https://scys.com/dash/subapp/userinfo:0
[  481428ms] [ERROR] Failed to load resource: the server responded with a status of 401 () @ https://scys.com/dash/subapp/userinfo:0
[  482425ms] [ERROR] Failed to load resource: the server responded with a status of 401 () @ https://scys.com/dash/subapp/userinfo:0
[  483425ms] [ERROR] Failed to load resource: the server responded with a status of 401 () @ https://scys.com/dash/subapp/userinfo:0
[  484747ms] [ERROR] Failed to load resource: the server responded with a status of 401 () @ https://scys.com/dash/subapp/userinfo:0
[  485421ms] [ERROR] Failed to load resource: the server responded with a status of 401 () @ https://scys.com/dash/subapp/userinfo:0
[  487198ms] [ERROR] Failed to load resource: the server responded with a status of 401 () @ https://scys.com/dash/subapp/userinfo:0
[  487431ms] [ERROR] Failed to load resource: the server responded with a status of 401 () @ https://scys.com/dash/subapp/userinfo:0
[  488422ms] [ERROR] Failed to load resource: the server responded with a status of 401 () @ https://scys.com/dash/subapp/userinfo:0
[  489422ms] [ERROR] Failed to load resource: the server responded with a status of 401 () @ https://scys.com/dash/subapp/userinfo:0
[  490430ms] [ERROR] Failed to load resource: the server responded with a status of 401 () @ https://scys.com/dash/subapp/userinfo:0
[  491453ms] [ERROR] Failed to load resource: the server responded with a status of 401 () @ https://scys.com/dash/subapp/userinfo:0
[  492423ms] [ERROR] Failed to load resource: the server responded with a status of 401 () @ https://scys.com/dash/subapp/userinfo:0
[  493421ms] [ERROR] Failed to load resource: the server responded with a status of 401 () @ https://scys.com/dash/subapp/userinfo:0
[  494426ms] [ERROR] Failed to load resource: the server responded with a status of 401 () @ https://scys.com/dash/subapp/userinfo:0
[  495421ms] [ERROR] Failed to load resource: the server responded with a status of 401 () @ https://scys.com/dash/subapp/userinfo:0
[  496422ms] [ERROR] Failed to load resource: the server responded with a status of 401 () @ https://scys.com/dash/subapp/userinfo:0
[  497421ms] [ERROR] Failed to load resource: the server responded with a status of 401 () @ https://scys.com/dash/subapp/userinfo:0
[  498423ms] [ERROR] Failed to load resource: the server responded with a status of 401 () @ https://scys.com/dash/subapp/userinfo:0
[  499422ms] [ERROR] Failed to load resource: the server responded with a status of 401 () @ https://scys.com/dash/subapp/userinfo:0
[  500420ms] [ERROR] Failed to load resource: the server responded with a status of 401 () @ https://scys.com/dash/subapp/userinfo:0
[  501422ms] [ERROR] Failed to load resource: the server responded with a status of 401 () @ https://scys.com/dash/subapp/userinfo:0
[  502421ms] [ERROR] Failed to load resource: the server responded with a status of 401 () @ https://scys.com/dash/subapp/userinfo:0
[  503423ms] [ERROR] Failed to load resource: the server responded with a status of 401 () @ https://scys.com/dash/subapp/userinfo:0
[  504423ms] [ERROR] Failed to load resource: the server responded with a status of 401 () @ https://scys.com/dash/subapp/userinfo:0
[  505422ms] [ERROR] Failed to load resource: the server responded with a status of 401 () @ https://scys.com/dash/subapp/userinfo:0
[  506422ms] [ERROR] Failed to load resource: the server responded with a status of 401 () @ https://scys.com/dash/subapp/userinfo:0
[  507430ms] [ERROR] Failed to load resource: the server responded with a status of 401 () @ https://scys.com/dash/subapp/userinfo:0
[  508427ms] [ERROR] Failed to load resource: the server responded with a status of 401 () @ https://scys.com/dash/subapp/userinfo:0
[  509421ms] [ERROR] Failed to load resource: the server responded with a status of 401 () @ https://scys.com/dash/subapp/userinfo:0
[  510422ms] [ERROR] Failed to load resource: the server responded with a status of 401 () @ https://scys.com/dash/subapp/userinfo:0
[  511425ms] [ERROR] Failed to load resource: the server responded with a status of 401 () @ https://scys.com/dash/subapp/userinfo:0
[  512454ms] [ERROR] Failed to load resource: the server responded with a status of 401 () @ https://scys.com/dash/subapp/userinfo:0
[  516024ms] [ERROR] Failed to load resource: the server responded with a status of 401 () @ https://scys.com/dash/subapp/userinfo:0
[  517023ms] [ERROR] Failed to load resource: the server responded with a status of 401 () @ https://scys.com/dash/subapp/userinfo:0
[  518023ms] [ERROR] Failed to load resource: the server responded with a status of 401 () @ https://scys.com/dash/subapp/userinfo:0
[  519031ms] [ERROR] Failed to load resource: the server responded with a status of 401 () @ https://scys.com/dash/subapp/userinfo:0
[  520032ms] [ERROR] Failed to load resource: the server responded with a status of 401 () @ https://scys.com/dash/subapp/userinfo:0
[  521030ms] [ERROR] Failed to load resource: the server responded with a status of 401 () @ https://scys.com/dash/subapp/userinfo:0
[  522024ms] [ERROR] Failed to load resource: the server responded with a status of 401 () @ https://scys.com/dash/subapp/userinfo:0
[  523025ms] [ERROR] Failed to load resource: the server responded with a status of 401 () @ https://scys.com/dash/subapp/userinfo:0
[  524034ms] [ERROR] Failed to load resource: the server responded with a status of 401 () @ https://scys.com/dash/subapp/userinfo:0
[  525023ms] [ERROR] Failed to load resource: the server responded with a status of 401 () @ https://scys.com/dash/subapp/userinfo:0
[  526026ms] [ERROR] Failed to load resource: the server responded with a status of 401 () @ https://scys.com/dash/subapp/userinfo:0
[  527031ms] [ERROR] Failed to load resource: the server responded with a status of 401 () @ https://scys.com/dash/subapp/userinfo:0
[  528023ms] [ERROR] Failed to load resource: the server responded with a status of 401 () @ https://scys.com/dash/subapp/userinfo:0
[  529025ms] [ERROR] Failed to load resource: the server responded with a status of 401 () @ https://scys.com/dash/subapp/userinfo:0
[  530022ms] [ERROR] Failed to load resource: the server responded with a status of 401 () @ https://scys.com/dash/subapp/userinfo:0
[  531025ms] [ERROR] Failed to load resource: the server responded with a status of 401 () @ https://scys.com/dash/subapp/userinfo:0
[  532031ms] [ERROR] Failed to load resource: the server responded with a status of 401 () @ https://scys.com/dash/subapp/userinfo:0
[  533024ms] [ERROR] Failed to load resource: the server responded with a status of 401 () @ https://scys.com/dash/subapp/userinfo:0
[  534027ms] [ERROR] Failed to load resource: the server responded with a status of 401 () @ https://scys.com/dash/subapp/userinfo:0
[  535025ms] [ERROR] Failed to load resource: the server responded with a status of 401 () @ https://scys.com/dash/subapp/userinfo:0
[  536031ms] [ERROR] Failed to load resource: the server responded with a status of 401 () @ https://scys.com/dash/subapp/userinfo:0
[  537026ms] [ERROR] Failed to load resource: the server responded with a status of 401 () @ https://scys.com/dash/subapp/userinfo:0
[  538032ms] [ERROR] Failed to load resource: the server responded with a status of 401 () @ https://scys.com/dash/subapp/userinfo:0
[  539032ms] [ERROR] Failed to load resource: the server responded with a status of 401 () @ https://scys.com/dash/subapp/userinfo:0
[  540033ms] [ERROR] Failed to load resource: the server responded with a status of 401 () @ https://scys.com/dash/subapp/userinfo:0
[  541028ms] [ERROR] Failed to load resource: the server responded with a status of 401 () @ https://scys.com/dash/subapp/userinfo:0
[  542537ms] [ERROR] Failed to load resource: the server responded with a status of 401 () @ https://scys.com/dash/subapp/userinfo:0
[  543023ms] [ERROR] Failed to load resource: the server responded with a status of 401 () @ https://scys.com/dash/subapp/userinfo:0
[  544267ms] [LOG] [Auth] 初始化 - cookie __token: 存在 (eyJhbGciOiJIUzI1NiIs...) @ https://scrm.scys.com/assets/preload-helper.91054061.js:1
[  544267ms] [LOG] [Auth] 初始化 - userTokenCache: 有值 @ https://scrm.scys.com/assets/preload-helper.91054061.js:1
[  544267ms] [LOG] [Auth] 初始化 - userInfoCache: {"token":"","manager_id":10676,"name":"雪雪","avatar":"https://s3-imfile.feishucdn.com/static-resource/v1/v3_00v8_cad01368-afef-4be2-91e4-74bcbb4c76fg~?image_size=72x72&cut_type=&quality=&format=image&sticker_format=.webp","lark_open_id":"ou_742a1f9c13b3d0732ae783b13cd16774","department":"实战运营部^G航海运营组"} @ https://scrm.scys.com/assets/preload-helper.91054061.js:1
[  544464ms] [LOG] ✅ Menu 组件已挂载 @ https://scrm.scys.com/assets/default-layout.765db303.js:0
[  544585ms] [LOG] [Auth] 初始化 - cookie __token: 存在 (eyJhbGciOiJIUzI1NiIs...) @ https://scrm.scys.com/assets/preload-helper.91054061.js:1
[  544585ms] [LOG] [Auth] 初始化 - userTokenCache: 有值 @ https://scrm.scys.com/assets/preload-helper.91054061.js:1
[  544585ms] [LOG] [Auth] 初始化 - userInfoCache: {"token":"","manager_id":10676,"name":"雪雪","avatar":"https://s3-imfile.feishucdn.com/static-resource/v1/v3_00v8_cad01368-afef-4be2-91e4-74bcbb4c76fg~?image_size=72x72&cut_type=&quality=&format=image&sticker_format=.webp","lark_open_id":"ou_742a1f9c13b3d0732ae783b13cd16774","department":"实战运营部^G航海运营组"} @ https://scrm.scys.com/assets/preload-helper.91054061.js:1
[  544641ms] [LOG] ✅ Menu 组件已挂载 @ https://scrm.scys.com/assets/default-layout.765db303.js:0
